2025-03-09 21:31:13,424 - Starting training...
2025-03-09 21:36:04,825 - Starting training...
2025-03-09 21:38:34,638 - Starting training...
2025-03-09 21:42:48,290 - Starting training...
2025-03-09 21:43:46,481 - Starting training...
2025-03-09 21:44:50,769 - Starting training...
2025-03-09 21:47:15,104 - Starting training...
2025-03-09 21:47:52,859 - Starting training...
2025-03-09 21:49:36,295 - Starting training...
2025-03-09 21:51:14,391 - Starting training...
2025-03-09 21:51:38,345 - Starting training...
2025-03-09 21:52:13,450 - Starting training...
2025-03-09 21:55:58,561 - Starting training...
2025-03-09 21:56:06,875 - Training completed.
2025-03-09 21:56:06,909 - Test Accuracy: 0.1282
2025-03-09 21:56:06,914 - Model saved successfully.
2025-03-09 22:02:18,770 - Starting training...
2025-03-09 22:02:26,844 - Training completed.
2025-03-09 22:02:26,878 - Test Accuracy: 0.1282
2025-03-09 22:02:26,880 - Model saved successfully.
2025-03-09 22:07:47,264 - Starting training...
2025-03-09 22:07:55,866 - Training completed.
2025-03-09 22:07:55,907 - Test Accuracy: 0.1024
2025-03-09 22:07:55,908 - Model saved successfully.
2025-03-09 22:08:11,186 - Starting training...
2025-03-09 22:08:19,048 - Training completed.
2025-03-09 22:08:19,083 - Test Accuracy: 0.1024
2025-03-09 22:08:19,084 - Model saved successfully.
2025-03-09 22:09:27,882 - Starting training...
2025-03-09 22:09:35,837 - Training completed.
2025-03-09 22:09:35,879 - Test Accuracy: 0.1024
2025-03-09 22:09:35,880 - Model saved successfully.
2025-03-09 22:10:35,610 - Starting training...
2025-03-09 22:10:43,518 - Training completed.
2025-03-09 22:10:43,556 - Test Accuracy: 0.1024
2025-03-09 22:10:43,557 - Model saved successfully.
2025-03-09 22:13:01,787 - Starting training...
2025-03-09 22:13:09,643 - Training completed.
2025-03-09 22:13:55,457 - Starting training...
2025-03-09 22:14:03,481 - Training completed.
2025-03-09 22:14:03,518 - Test Accuracy: 0.1024
2025-03-09 22:14:03,519 - Model saved successfully.
2025-03-09 22:15:11,424 - Starting training...
2025-03-09 22:15:19,416 - Training completed.
2025-03-09 22:15:19,453 - Test Accuracy: 0.1024
2025-03-09 22:15:19,454 - Model saved successfully.
2025-03-09 22:16:57,008 - Starting training...
2025-03-09 22:17:18,248 - Starting training...
2025-03-09 22:17:26,629 - Training completed.
2025-03-09 22:17:26,666 - Test Accuracy: 0.1024
2025-03-09 22:17:26,667 - Model saved successfully.
2025-03-09 22:28:49,679 - Starting training...
2025-03-09 22:29:11,189 - Training completed.
2025-03-09 22:29:11,318 - Test Accuracy: 0.1024
2025-03-09 22:29:11,321 - Model saved successfully.
2025-03-09 22:30:29,440 - Starting training...
2025-03-09 22:30:41,430 - Training completed.
2025-03-09 22:30:41,488 - Test Accuracy: 0.1024
2025-03-09 22:30:41,490 - Model saved successfully.
2025-03-09 22:31:44,698 - Starting training...
2025-03-09 22:31:56,186 - Training completed.
2025-03-09 22:31:56,258 - Test Accuracy: 0.1024
2025-03-09 22:31:56,260 - Model saved successfully.
2025-03-09 22:33:05,023 - Starting training...
2025-03-09 22:33:16,403 - Training completed.
2025-03-09 22:33:16,465 - Test Accuracy: 0.1024
2025-03-09 22:33:16,467 - Model saved successfully.
2025-03-09 22:44:04,642 - Starting training...
2025-03-09 22:44:12,013 - Training completed.
2025-03-09 22:44:12,049 - Test Accuracy: 0.1024
2025-03-09 22:44:12,050 - Model saved successfully.
2025-03-09 22:53:03,641 - Starting training...
2025-03-09 22:53:58,738 - Starting training...
2025-03-09 22:54:06,100 - Training completed.
2025-03-09 22:54:06,136 - Test Accuracy: 0.1024
2025-03-09 22:54:06,138 - Model saved successfully.
2025-03-09 22:54:41,065 - Starting training...
2025-03-09 22:55:09,066 - Starting training...
2025-03-09 22:55:17,404 - Training completed.
2025-03-09 22:55:17,446 - Test Accuracy: 0.0959
2025-03-09 22:55:17,447 - Model saved successfully.
2025-03-09 22:55:27,116 - Starting training...
2025-03-09 22:55:33,869 - Training completed.
2025-03-09 22:55:33,896 - Test Accuracy: 0.1024
2025-03-09 22:55:33,897 - Model saved successfully.
2025-03-09 23:00:28,615 - Starting training...
2025-03-09 23:00:36,405 - Training completed.
2025-03-09 23:00:36,439 - Test Accuracy: 0.1024
2025-03-09 23:00:36,440 - Model saved successfully.
2025-03-09 23:02:46,822 - Starting training...
2025-03-09 23:03:11,333 - Starting training...
2025-03-09 23:03:19,485 - Training completed.
2025-03-09 23:03:19,518 - Test Accuracy: 0.1024
2025-03-09 23:03:19,519 - Model saved successfully.
2025-03-09 23:06:22,161 - Starting training...
2025-03-09 23:06:30,565 - Training completed.
2025-03-09 23:06:30,606 - Test Accuracy: 0.1024
2025-03-09 23:06:30,607 - Model saved successfully.
2025-03-09 23:08:04,878 - Starting training...
2025-03-09 23:08:12,517 - Training completed.
2025-03-09 23:08:12,561 - Test Accuracy: 0.1024
2025-03-09 23:08:12,562 - Model saved successfully.
2025-03-09 23:08:47,502 - Starting training...
2025-03-09 23:08:54,909 - Training completed.
2025-03-09 23:08:54,941 - Test Accuracy: 0.1024
2025-03-09 23:08:54,942 - Model saved successfully.
2025-03-09 23:09:29,809 - Starting training...
2025-03-09 23:09:58,438 - Starting training...
2025-03-09 23:11:39,429 - Starting training...
2025-03-09 23:11:47,046 - Training completed.
2025-03-09 23:11:47,085 - Test Accuracy: 0.1024
2025-03-09 23:11:47,086 - Model saved successfully.
2025-03-09 23:12:58,733 - Starting training...
2025-03-09 23:13:07,197 - Training completed.
2025-03-09 23:13:07,231 - Test Accuracy: 0.1024
2025-03-09 23:13:07,232 - Model saved successfully.
2025-03-09 23:20:49,467 - Starting training...
2025-03-09 23:20:57,557 - Training completed.
2025-03-09 23:20:57,593 - Test Accuracy: 0.1024
2025-03-09 23:20:57,594 - Model saved successfully.
2025-03-09 23:22:38,608 - Starting training...
2025-03-09 23:22:46,176 - Training completed.
2025-03-09 23:22:46,210 - Test Accuracy: 0.1024
2025-03-09 23:22:46,212 - Model saved successfully.
2025-03-09 23:23:55,330 - Starting training...
2025-03-09 23:24:36,253 - Starting training...
2025-03-09 23:25:09,471 - Starting training...
2025-03-09 23:25:39,440 - Starting training...
2025-03-09 23:26:29,533 - Starting training...
2025-03-09 23:26:45,019 - Starting training...
2025-03-09 23:27:32,882 - Starting training...
2025-03-09 23:28:57,302 - Starting training...
2025-03-09 23:29:04,847 - Training completed.
2025-03-09 23:29:04,879 - Test Accuracy: 0.1024
2025-03-09 23:29:04,880 - Model saved successfully.
2025-03-09 23:29:37,810 - Starting training...
2025-03-09 23:29:45,280 - Training completed.
2025-03-09 23:29:45,314 - Test Accuracy: 0.1024
2025-03-09 23:29:45,315 - Model saved successfully.
2025-03-09 23:30:06,860 - Starting training...
2025-03-09 23:30:14,251 - Training completed.
2025-03-09 23:30:14,285 - Test Accuracy: 0.1024
2025-03-09 23:30:14,286 - Model saved successfully.
2025-03-09 23:30:55,965 - Starting training...
2025-03-09 23:31:03,408 - Training completed.
2025-03-09 23:31:03,444 - Test Accuracy: 0.1024
2025-03-09 23:31:03,445 - Model saved successfully.
2025-03-09 23:32:42,673 - Starting training...
2025-03-09 23:32:50,975 - Training completed.
2025-03-09 23:32:51,018 - Test Accuracy: 0.1024
2025-03-09 23:32:51,019 - Model saved successfully.
2025-03-09 23:33:30,792 - Starting training...
2025-03-09 23:34:16,442 - Starting training...
2025-03-09 23:34:23,863 - Training completed.
2025-03-09 23:34:23,899 - Test Accuracy: 0.1024
2025-03-09 23:34:23,900 - Model saved successfully.
2025-03-09 23:35:19,985 - Starting training...
2025-03-09 23:35:27,425 - Training completed.
2025-03-09 23:35:27,461 - Test Accuracy: 0.1024
2025-03-09 23:35:27,462 - Model saved successfully.
2025-03-09 23:35:45,099 - Starting training...
2025-03-09 23:35:52,754 - Training completed.
2025-03-09 23:35:52,789 - Test Accuracy: 0.1024
2025-03-09 23:35:52,790 - Model saved successfully.
2025-03-09 23:36:20,359 - Starting training...
2025-03-09 23:36:27,812 - Training completed.
2025-03-09 23:36:27,848 - Test Accuracy: 0.1024
2025-03-09 23:36:27,849 - Model saved successfully.
2025-03-09 23:38:09,859 - Starting training...
2025-03-09 23:38:43,322 - Starting training...
2025-03-09 23:38:50,731 - Training completed.
2025-03-09 23:38:50,767 - Test Accuracy: 0.1024
2025-03-09 23:38:50,768 - Model saved successfully.
2025-03-09 23:39:25,940 - Starting training...
2025-03-09 23:39:33,509 - Training completed.
2025-03-09 23:39:33,545 - Test Accuracy: 0.1024
2025-03-09 23:39:33,546 - Model saved successfully.
2025-03-09 23:40:51,567 - Starting training...
2025-03-09 23:40:58,972 - Training completed.
2025-03-09 23:40:59,007 - Test Accuracy: 0.1024
2025-03-09 23:40:59,008 - Model saved successfully.
2025-03-09 23:43:16,740 - Starting training...
2025-03-09 23:43:24,158 - Training completed.
2025-03-09 23:43:24,195 - Test Accuracy: 0.1024
2025-03-09 23:43:24,196 - Model saved successfully.
2025-03-09 23:43:37,286 - Starting training...
2025-03-09 23:43:44,959 - Training completed.
2025-03-09 23:43:44,996 - Test Accuracy: 0.1024
2025-03-09 23:43:44,997 - Model saved successfully.
2025-03-09 23:44:17,194 - Starting training...
2025-03-09 23:44:25,229 - Training completed.
2025-03-09 23:44:25,265 - Test Accuracy: 0.1024
2025-03-09 23:44:25,266 - Model saved successfully.
2025-03-09 23:45:10,130 - Starting training...
2025-03-09 23:45:17,773 - Training completed.
2025-03-09 23:45:17,811 - Test Accuracy: 0.1024
2025-03-09 23:45:17,812 - Model saved successfully.
2025-03-10 00:03:55,553 - Starting training...
2025-03-10 00:03:55,554 - Starting training...
2025-03-10 00:04:26,519 - Starting training...
2025-03-10 00:04:26,522 - Starting training...
2025-03-10 00:04:34,204 - Training completed.
2025-03-10 00:04:34,206 - Training completed. Model saved successfully.
2025-03-10 00:11:20,564 - Starting training...
2025-03-10 00:11:20,565 - Starting training...
2025-03-10 00:11:28,213 - Training completed.
2025-03-10 00:11:28,214 - Training completed. Model saved successfully.
2025-03-10 00:11:28,267 - Test Accuracy: 10.2357%
2025-03-10 00:20:38,065 - Starting training...
2025-03-10 00:20:38,066 - Starting training...
2025-03-10 00:22:22,174 - Starting training...
2025-03-10 00:22:22,175 - Starting training...
2025-03-10 00:22:38,820 - Starting training...
2025-03-10 00:22:38,820 - Starting training...
2025-03-10 00:25:52,622 - Starting training...
2025-03-10 00:25:52,623 - Starting training...
2025-03-10 00:26:15,380 - Training completed.
2025-03-10 00:26:15,383 - Training completed. Model saved successfully.
2025-03-10 00:26:15,466 - Test Accuracy: 85.0929%
2025-03-10 00:27:33,453 - Starting training...
2025-03-10 00:27:33,454 - Starting training...
2025-03-10 00:27:58,152 - Training completed.
2025-03-10 00:27:58,153 - Training completed. Model saved successfully.
2025-03-10 00:27:58,233 - Test Accuracy: 85.0929%
2025-03-10 00:28:39,786 - Starting training...
2025-03-10 00:29:04,220 - Starting training...
2025-03-10 00:29:28,691 - Training completed.
2025-03-10 00:29:28,693 - Training completed. Model saved successfully.
2025-03-10 00:29:28,771 - Test Accuracy: 1.2929%
2025-03-10 00:34:26,700 - Starting training...
2025-03-10 00:34:48,244 - Starting training...
2025-03-10 00:35:03,017 - Training completed.
2025-03-10 00:35:03,018 - Training completed. Model saved successfully.
2025-03-10 00:35:03,085 - Test Accuracy: 72.8357%
2025-03-10 00:35:15,262 - Starting training...
2025-03-10 00:35:29,886 - Training completed.
2025-03-10 00:35:29,888 - Training completed. Model saved successfully.
2025-03-10 00:35:29,957 - Test Accuracy: 89.0643%
2025-03-10 00:38:03,563 - Starting training...
2025-03-10 00:38:26,411 - Training completed.
2025-03-10 00:38:26,413 - Training completed. Model saved successfully.
2025-03-10 00:38:26,484 - Test Accuracy: 50.0643%
2025-03-10 00:46:21,147 - Starting training...
2025-03-10 00:48:27,264 - Starting training...
2025-03-10 01:15:59,092 - Starting training...
2025-03-10 01:29:12,867 - Starting training...
2025-03-10 01:30:38,450 - Starting training...
2025-03-10 01:31:20,990 - Training completed. Configuration: {'learning_rate': 0.001, 'batch_size': 32, 'layer_sizes': [784, 32, 10], 'activations': ['relu', 'softmax'], 'loss': 'MSE', 'epochs': 20}
2025-03-10 01:31:20,995 - Training completed. Model saved successfully at models/saved_models/mnist_ffnn.npz.
2025-03-10 01:32:24,059 - Starting training...
2025-03-10 01:32:58,377 - Training completed. Configuration: {'learning_rate': 0.001, 'batch_size': 32, 'layer_sizes': [784, 32, 10], 'activations': ['relu', 'softmax'], 'loss': 'MSE', 'epochs': 20}
2025-03-10 01:32:58,378 - Training completed. Model saved successfully at models/saved_models/mnist_ffnn.npz.
2025-03-10 01:32:58,440 - Test Accuracy: 44.71%
2025-03-10 01:34:08,789 - Starting training...
2025-03-10 01:34:36,504 - Training completed. Configuration: {'learning_rate': 0.001, 'batch_size': 32, 'layer_sizes': [784, 32, 10], 'activations': ['relu', 'softmax'], 'loss': 'MSE', 'epochs': 20}
2025-03-10 01:34:36,506 - Training completed. Model saved successfully at models/saved_models/mnist_ffnn.npz.
2025-03-10 01:34:36,573 - Test Accuracy: 44.71%
2025-03-10 01:37:57,586 - Starting training...
2025-03-10 01:38:10,618 - Training completed. Configuration: {'learning_rate': 0.001, 'batch_size': 32, 'layer_sizes': [784, 32, 10], 'activations': ['relu', 'softmax'], 'loss': 'MSE', 'epochs': 20}
2025-03-10 01:38:10,620 - Training completed. Model saved successfully at models/saved_models/mnist_ffnn.npz.
2025-03-10 01:38:10,691 - Test Accuracy: 44.71%
2025-03-10 01:39:40,540 - Starting training...
2025-03-10 01:40:20,505 - Training completed. Configuration: {'learning_rate': 0.001, 'batch_size': 32, 'layer_sizes': [784, 32, 10], 'activations': ['relu', 'softmax'], 'loss': 'CrossEntropy', 'epochs': 20}
2025-03-10 01:40:20,507 - Training completed. Model saved successfully at models/saved_models/mnist_ffnn.npz.
2025-03-10 01:40:20,577 - Test Accuracy: 83.36%
2025-03-10 01:41:41,198 - Starting training...
2025-03-10 01:41:54,259 - Training completed. Configuration: {'learning_rate': 0.0001, 'batch_size': 32, 'layer_sizes': [784, 32, 10], 'activations': ['relu', 'softmax'], 'loss': 'CrossEntropy', 'epochs': 20}
2025-03-10 01:41:54,262 - Training completed. Model saved successfully at models/saved_models/mnist_ffnn.npz.
2025-03-10 01:41:54,323 - Test Accuracy: 53.48%
2025-03-10 01:42:18,079 - Starting training...
2025-03-10 01:42:50,804 - Training completed. Configuration: {'learning_rate': 0.0001, 'batch_size': 32, 'layer_sizes': [784, 32, 10], 'activations': ['relu', 'softmax'], 'loss': 'MSE', 'epochs': 20}
2025-03-10 01:42:50,807 - Training completed. Model saved successfully at models/saved_models/mnist_ffnn.npz.
2025-03-10 01:42:50,868 - Test Accuracy: 14.89%
2025-03-10 01:43:30,367 - Starting training...
2025-03-10 01:44:01,778 - Training completed. Configuration: {'learning_rate': 0.1, 'batch_size': 32, 'layer_sizes': [784, 32, 10], 'activations': ['relu', 'softmax'], 'loss': 'MSE', 'epochs': 20}
2025-03-10 01:44:01,781 - Training completed. Model saved successfully at models/saved_models/mnist_ffnn.npz.
2025-03-10 01:44:01,846 - Test Accuracy: 90.81%
2025-03-10 01:45:37,743 - Starting training...
2025-03-10 01:46:15,862 - Training completed. Configuration: {'learning_rate': 0.01, 'batch_size': 8, 'layer_sizes': [784, 32, 10], 'activations': ['relu', 'softmax'], 'loss': 'MSE', 'epochs': 20}
2025-03-10 01:46:15,865 - Training completed. Model saved successfully at models/saved_models/mnist_ffnn.npz.
2025-03-10 01:46:15,932 - Test Accuracy: 92.34%
2025-03-10 01:46:55,976 - Starting training...
2025-03-10 01:47:33,457 - Training completed. Configuration: {'learning_rate': 0.01, 'batch_size': 16, 'layer_sizes': [784, 32, 10], 'activations': ['relu', 'softmax'], 'loss': 'MSE', 'epochs': 20}
2025-03-10 01:47:33,460 - Training completed. Model saved successfully at models/saved_models/mnist_ffnn.npz.
2025-03-10 01:47:33,521 - Test Accuracy: 88.07%
2025-03-10 01:48:27,505 - Starting training...
2025-03-10 01:48:57,949 - Training completed. Configuration: {'learning_rate': 0.01, 'batch_size': 128, 'layer_sizes': [784, 32, 10], 'activations': ['relu', 'softmax'], 'loss': 'MSE', 'epochs': 20}
2025-03-10 01:48:57,950 - Training completed. Model saved successfully at models/saved_models/mnist_ffnn.npz.
2025-03-10 01:48:58,022 - Test Accuracy: 35.21%
2025-03-10 01:49:57,702 - Starting training...
2025-03-10 01:50:25,019 - Training completed. Configuration: {'learning_rate': 0.01, 'batch_size': 32, 'layer_sizes': [784, 8, 10], 'activations': ['relu', 'softmax'], 'loss': 'MSE', 'epochs': 20}
2025-03-10 01:50:25,021 - Training completed. Model saved successfully at models/saved_models/mnist_ffnn.npz.
2025-03-10 01:50:25,078 - Test Accuracy: 70.31%
2025-03-10 01:51:33,645 - Starting training...
2025-03-10 01:52:30,302 - Training completed. Configuration: {'learning_rate': 0.01, 'batch_size': 32, 'layer_sizes': [784, 128, 10], 'activations': ['relu', 'softmax'], 'loss': 'MSE', 'epochs': 20}
2025-03-10 01:52:30,307 - Training completed. Model saved successfully at models/saved_models/mnist_ffnn.npz.
2025-03-10 01:52:30,393 - Test Accuracy: 85.53%
2025-03-10 01:56:46,907 - Starting training...
2025-03-10 01:57:16,537 - Training completed. Configuration: {'learning_rate': 0.01, 'batch_size': 32, 'layer_sizes': [784, 128, 10], 'activations': ['relu', 'softmax'], 'loss': 'MSE', 'epochs': 20}
2025-03-10 01:57:16,540 - Training completed. Model saved successfully at models/saved_models/mnist_ffnn.npz.
2025-03-10 01:57:16,620 - Test Accuracy: 84.44%
2025-03-10 13:40:06,497 - Starting training...
2025-03-10 13:40:48,108 - Training completed. Configuration: {'learning_rate': 0.01, 'batch_size': 32, 'layer_sizes': [784, 32, 32, 10], 'activations': ['relu', 'relu', 'softmax'], 'loss': 'MSE', 'epochs': 20}
2025-03-10 13:40:48,110 - Training completed. Model saved successfully at models/saved_models/mnist_ffnn.npz.
2025-03-10 13:40:48,174 - Test Accuracy: 80.20%
2025-03-10 14:01:18,350 - Starting training...
2025-03-10 14:01:48,516 - Training completed. Configuration: {'learning_rate': 0.01, 'batch_size': 32, 'layer_sizes': [784, 32, 32, 10], 'activations': ['relu', 'relu', 'softmax'], 'loss': 'CrossEntropy', 'epochs': 20}
2025-03-10 14:01:48,518 - Training completed. Model saved successfully at models/saved_models/mnist_ffnn.npz.
2025-03-10 14:01:48,584 - Test Accuracy: 92.99%
2025-03-10 14:03:21,502 - Starting training...
2025-03-10 14:03:38,606 - Training completed. Configuration: {'learning_rate': 0.01, 'batch_size': 32, 'layer_sizes': [784, 32, 32, 10], 'activations': ['relu', 'relu', 'softmax'], 'loss': 'CrossEntropy', 'epochs': 20}
2025-03-10 14:03:38,608 - Training completed. Model saved successfully at models/saved_models/mnist_ffnn.npz.
2025-03-10 14:03:38,672 - Test Accuracy: 92.99%
2025-03-10 14:04:29,049 - Starting training...
2025-03-10 14:04:42,618 - Training completed. Configuration: {'learning_rate': 0.01, 'batch_size': 32, 'layer_sizes': [784, 32, 32, 10], 'activations': ['relu', 'relu', 'softmax'], 'loss': 'CrossEntropy', 'epochs': 20}
2025-03-10 14:04:42,620 - Training completed. Model saved successfully at models/saved_models/mnist_ffnn.npz.
2025-03-10 14:04:42,681 - Test Accuracy: 92.99%
2025-03-10 14:11:42,827 - Starting training...
2025-03-10 14:12:06,516 - Training completed. Configuration: {'learning_rate': 0.01, 'batch_size': 8, 'layer_sizes': [784, 32, 32, 10], 'activations': ['relu', 'relu', 'softmax'], 'loss': 'CrossEntropy', 'epochs': 20}
2025-03-10 14:12:06,518 - Training completed. Model saved successfully at models/saved_models/mnist_ffnn.npz.
2025-03-10 14:12:06,583 - Test Accuracy: 94.83%
2025-03-10 16:05:53,220 - Starting training...
2025-03-10 16:06:14,466 - Training completed. Configuration: {'learning_rate': 0.01, 'batch_size': 8, 'layer_sizes': [784, 32, 10], 'activations': ['relu', 'softmax'], 'loss': 'MSE', 'epochs': 20}
2025-03-10 16:06:14,468 - Training completed. Model saved successfully at models/saved_models/mnist_ffnn.npz.
2025-03-10 16:06:14,529 - Test Accuracy: 91.99%
2025-03-10 16:08:58,652 - Starting training...
2025-03-10 16:09:19,731 - Training completed. Configuration: {'learning_rate': 0.01, 'batch_size': 8, 'layer_sizes': [784, 32, 10], 'activations': ['relu', 'softmax'], 'loss': 'MSE', 'epochs': 20}
2025-03-10 16:09:19,734 - Training completed. Model saved successfully at models/saved_models/mnist_ffnn.npz.
2025-03-10 16:09:19,796 - Test Accuracy: 91.99%
2025-03-10 16:11:03,223 - Starting training...
2025-03-10 16:11:23,376 - Training completed. Configuration: {'learning_rate': 0.01, 'batch_size': 8, 'layer_sizes': [784, 32, 10], 'activations': ['relu', 'softmax'], 'loss': 'MSE', 'epochs': 20}
2025-03-10 16:11:23,378 - Training completed. Model saved successfully at models/saved_models/mnist_ffnn.npz.
2025-03-10 16:11:23,442 - Test Accuracy: 91.99%
2025-03-10 16:14:36,102 - Starting training...
2025-03-10 16:15:07,909 - Training completed. Configuration: {'learning_rate': 0.01, 'batch_size': 8, 'layer_sizes': [784, 32, 10], 'activations': ['relu', 'softmax'], 'loss': 'MSE', 'epochs': 20}
2025-03-10 16:15:07,911 - Training completed. Model saved successfully at models/saved_models/mnist_ffnn.npz.
2025-03-10 16:15:07,971 - Test Accuracy: 91.99%
2025-03-10 16:16:54,358 - Starting training...
2025-03-10 16:17:14,199 - Training completed. Configuration: {'learning_rate': 0.01, 'batch_size': 8, 'layer_sizes': [784, 32, 10], 'activations': ['relu', 'softmax'], 'loss': 'MSE', 'epochs': 20}
2025-03-10 16:17:14,201 - Training completed. Model saved successfully at models/saved_models/mnist_ffnn.npz.
2025-03-10 16:17:14,263 - Test Accuracy: 91.99%
2025-03-10 16:18:41,334 - Starting training...
2025-03-10 16:19:14,906 - Training completed. Configuration: {'learning_rate': 0.01, 'batch_size': 8, 'layer_sizes': [784, 32, 10], 'activations': ['relu', 'softmax'], 'loss': 'MSE', 'epochs': 20}
2025-03-10 16:19:14,908 - Training completed. Model saved successfully at models/saved_models/mnist_ffnn.npz.
2025-03-10 16:19:15,021 - Test Accuracy: 91.99%
2025-03-10 18:43:28,585 - Starting training...
2025-03-10 18:44:39,766 - Starting training...
2025-03-10 18:50:55,624 - Starting training...
2025-03-10 18:51:39,699 - Starting training...
2025-03-10 18:52:42,726 - Starting training...
2025-03-10 19:02:03,813 - Starting training...
2025-03-10 19:03:37,622 - Starting training...
2025-03-10 19:04:36,162 - Starting training...
2025-03-10 19:04:53,853 - Training completed. Configuration: {'learning_rate': 0.01, 'batch_size': 8, 'layer_sizes': [784, 32, 10], 'activations': ['relu', 'softmax'], 'loss': 'MSE', 'epochs': 20}
2025-03-10 19:04:53,854 - Training completed. Model saved successfully at models/saved_models/mnist_ffnn.npz
2025-03-10 19:04:53,936 - Val Accuracy: 91.99%
2025-03-10 19:06:04,913 - Starting training...
2025-03-10 19:07:56,243 - Starting training...
2025-03-10 19:08:13,798 - Training completed. Configuration: {'learning_rate': 0.01, 'batch_size': 8, 'layer_sizes': [784, 32, 10], 'activations': ['relu', 'softmax'], 'loss': 'MSE', 'epochs': 20}
2025-03-10 19:08:13,800 - Training completed. Model saved successfully at models/saved_models/mnist_ffnn.npz
2025-03-10 19:08:13,868 - Val Accuracy: 91.99%
2025-03-10 19:08:38,480 - Starting training...
2025-03-11 17:10:10,491 - Starting training...
2025-03-11 17:10:29,466 - Training completed. Configuration: {'learning_rate': 0.001, 'batch_size': 32, 'layer_sizes': [784, 32, 10], 'activations': ['relu', 'softmax'], 'loss': 'MSE', 'epochs': 20}
2025-03-11 17:10:29,468 - Training completed. Model saved successfully at models/saved_models/mnist_ffnn.npz
2025-03-11 17:10:29,533 - Val Accuracy: 44.44%
2025-03-11 17:11:56,232 - Starting training...
2025-03-11 17:12:07,772 - Training completed. Configuration: {'learning_rate': 0.001, 'batch_size': 32, 'layer_sizes': [784, 32, 10], 'activations': ['relu', 'softmax'], 'loss': 'MSE', 'epochs': 20}
2025-03-11 17:12:07,774 - Training completed. Model saved successfully at models/saved_models/mnist_ffnn.npz
2025-03-11 17:12:07,835 - Val Accuracy: 44.44%
2025-03-11 17:12:26,783 - Starting training...
2025-03-11 17:12:40,464 - Training completed. Configuration: {'learning_rate': 0.0001, 'batch_size': 32, 'layer_sizes': [784, 32, 10], 'activations': ['relu', 'softmax'], 'loss': 'MSE', 'epochs': 20}
2025-03-11 17:12:40,466 - Training completed. Model saved successfully at models/saved_models/mnist_ffnn.npz
2025-03-11 17:12:40,527 - Val Accuracy: 15.89%
2025-03-11 17:16:36,853 - Starting training...
2025-03-11 17:18:25,512 - Training completed. Configuration: {'learning_rate': 0.01, 'batch_size': 32, 'layer_sizes': [784, 32, 10], 'activations': ['relu', 'softmax'], 'loss': 'MSE', 'epochs': 20}
2025-03-11 17:18:25,514 - Training completed. Model saved successfully at models/saved_models/mnist_ffnn.npz
2025-03-11 17:18:25,578 - Val Accuracy: 80.13%
2025-03-11 17:19:13,761 - Starting training...
2025-03-11 17:21:02,449 - Training completed. Configuration: {'learning_rate': 0.01, 'batch_size': 8, 'layer_sizes': [784, 32, 10], 'activations': ['relu', 'softmax'], 'loss': 'MSE', 'epochs': 20}
2025-03-11 17:21:02,452 - Training completed. Model saved successfully at models/saved_models/mnist_ffnn.npz
2025-03-11 17:21:02,515 - Val Accuracy: 91.99%
2025-03-12 11:56:08,133 - Starting training...
2025-03-12 11:59:46,288 - Starting training...
2025-03-12 12:02:25,794 - Starting training...
2025-03-12 12:04:00,799 - Starting training...
2025-03-12 12:08:34,000 - Starting training...
2025-03-12 12:10:41,662 - Starting training...
2025-03-12 12:12:25,820 - Starting training...
2025-03-12 12:13:15,675 - Starting training...
2025-03-12 12:13:32,427 - Training completed. Configuration: {'learning_rate': 0.01, 'batch_size': 8, 'layer_sizes': [784, 32, 10], 'activations': ['relu', 'softmax'], 'loss': 'MSE', 'epochs': 20}
2025-03-12 12:13:32,531 - Training completed. Model saved successfully at models/saved_models/mnist_ffnn.npz
2025-03-12 12:13:32,609 - Val Accuracy: 91.99%
2025-03-12 12:15:19,264 - Starting training...
2025-03-12 12:15:37,039 - Training completed. Configuration: {'learning_rate': 0.01, 'batch_size': 8, 'layer_sizes': [784, 32, 10], 'activations': ['relu', 'softmax'], 'loss': 'MSE', 'epochs': 20}
2025-03-12 12:15:37,041 - Training completed. Model saved successfully at models/saved_models/mnist_ffnn.npz
2025-03-12 12:15:37,114 - Val Accuracy: 91.99%
2025-03-12 12:15:54,586 - Starting training...
2025-03-12 12:16:55,402 - Starting training...
2025-03-12 12:17:13,079 - Training completed. Configuration: {'learning_rate': 0.01, 'batch_size': 8, 'layer_sizes': [784, 32, 10], 'activations': ['relu', 'softmax'], 'loss': 'MSE', 'epochs': 20}
2025-03-12 12:17:13,080 - Training completed. Model saved successfully at models/saved_models/mnist_ffnn.npz
2025-03-12 12:17:13,143 - Val Accuracy: 91.99%
2025-03-12 12:17:54,889 - Starting training...
2025-03-12 12:18:12,786 - Training completed. Configuration: {'learning_rate': 0.01, 'batch_size': 8, 'layer_sizes': [784, 32, 10], 'activations': ['relu', 'softmax'], 'loss': 'MSE', 'epochs': 20}
2025-03-12 12:18:12,787 - Training completed. Model saved successfully at models/saved_models/mnist_ffnn.npz
2025-03-12 12:18:12,861 - Val Accuracy: 91.99%
2025-03-12 12:24:56,712 - Starting training...
2025-03-12 12:25:22,148 - Training completed. Configuration: {'learning_rate': 0.01, 'batch_size': 8, 'layer_sizes': [784, 32, 10], 'activations': ['relu', 'softmax'], 'loss': 'MSE', 'epochs': 20}
2025-03-12 12:25:22,152 - Training completed. Model saved successfully at models/saved_models/svhn_ffnn.npz
2025-03-12 12:25:22,262 - Val Accuracy: 19.58%
2025-03-13 11:27:37,735 - Starting training...
2025-03-13 11:27:48,784 - Training completed. Configuration: {'learning_rate': 0.01, 'batch_size': 32, 'layer_sizes': [784, 32, 10], 'activations': ['relu', 'softmax'], 'loss': 'CrossEntropy', 'epochs': 20}
2025-03-13 11:27:48,788 - Training completed. Model saved successfully at models/saved_models/mnist_ffnn.npz
2025-03-13 11:27:48,882 - Val Accuracy: 92.01%
2025-03-13 11:29:19,768 - Starting training...
2025-03-13 11:29:33,526 - Training completed. Configuration: {'learning_rate': 0.01, 'batch_size': 32, 'layer_sizes': [784, 32, 10], 'activations': ['relu', 'softmax'], 'loss': 'CrossEntropy', 'epochs': 20}
2025-03-13 11:29:33,527 - Training completed. Model saved successfully at models/saved_models/svhn_ffnn.npz
2025-03-13 11:29:33,620 - Val Accuracy: 19.58%
2025-03-13 11:30:49,907 - Starting training...
2025-03-13 11:31:18,044 - Training completed. Configuration: {'learning_rate': 0.01, 'batch_size': 32, 'layer_sizes': [784, 32, 10], 'activations': ['relu', 'softmax'], 'loss': 'CrossEntropy', 'epochs': 20}
2025-03-13 11:31:18,046 - Training completed. Model saved successfully at models/saved_models/mnist_ffnn.npz
2025-03-13 11:31:18,113 - Val Accuracy: 92.01%
2025-03-13 11:31:48,378 - Starting training...
2025-03-13 11:32:08,270 - Training completed. Configuration: {'learning_rate': 0.01, 'batch_size': 32, 'layer_sizes': [784, 32, 10], 'activations': ['relu', 'softmax'], 'loss': 'CrossEntropy', 'epochs': 20}
2025-03-13 11:32:08,271 - Training completed. Model saved successfully at models/saved_models/svhn_ffnn.npz
2025-03-13 11:32:08,358 - Val Accuracy: 19.58%
2025-03-13 11:34:11,282 - Starting training...
2025-03-13 11:34:26,837 - Training completed. Configuration: {'learning_rate': 0.001, 'batch_size': 32, 'layer_sizes': [784, 32, 10], 'activations': ['relu', 'softmax'], 'loss': 'MSE', 'epochs': 20}
2025-03-13 11:34:26,839 - Training completed. Model saved successfully at models/saved_models/mnist_ffnn.npz
2025-03-13 11:34:26,896 - Val Accuracy: 44.44%
2025-03-13 11:35:23,184 - Starting training...
2025-03-13 11:36:13,005 - Training completed. Configuration: {'learning_rate': 0.001, 'batch_size': 32, 'layer_sizes': [784, 32, 10], 'activations': ['relu', 'softmax'], 'loss': 'CrossEntropy', 'epochs': 20}
2025-03-13 11:36:13,008 - Training completed. Model saved successfully at models/saved_models/mnist_ffnn.npz
2025-03-13 11:36:13,136 - Val Accuracy: 83.84%
2025-03-13 11:38:27,920 - Starting training...
2025-03-13 11:38:46,807 - Training completed. Configuration: {'learning_rate': 0.0001, 'batch_size': 32, 'layer_sizes': [784, 32, 10], 'activations': ['relu', 'softmax'], 'loss': 'CrossEntropy', 'epochs': 20}
2025-03-13 11:38:46,810 - Training completed. Model saved successfully at models/saved_models/mnist_ffnn.npz
2025-03-13 11:38:46,868 - Val Accuracy: 53.90%
2025-03-13 11:39:10,093 - Starting training...
2025-03-13 11:39:24,274 - Training completed. Configuration: {'learning_rate': 0.0001, 'batch_size': 32, 'layer_sizes': [784, 32, 10], 'activations': ['relu', 'softmax'], 'loss': 'MSE', 'epochs': 20}
2025-03-13 11:39:24,276 - Training completed. Model saved successfully at models/saved_models/mnist_ffnn.npz
2025-03-13 11:39:24,336 - Val Accuracy: 15.89%
2025-03-13 11:39:48,770 - Starting training...
2025-03-13 11:40:27,498 - Training completed. Configuration: {'learning_rate': 0.1, 'batch_size': 32, 'layer_sizes': [784, 32, 10], 'activations': ['relu', 'softmax'], 'loss': 'MSE', 'epochs': 20}
2025-03-13 11:40:27,500 - Training completed. Model saved successfully at models/saved_models/mnist_ffnn.npz
2025-03-13 11:40:27,563 - Val Accuracy: 90.79%
2025-03-13 11:41:00,754 - Starting training...
2025-03-13 11:41:44,792 - Training completed. Configuration: {'learning_rate': 0.01, 'batch_size': 8, 'layer_sizes': [784, 32, 10], 'activations': ['relu', 'softmax'], 'loss': 'MSE', 'epochs': 20}
2025-03-13 11:41:44,794 - Training completed. Model saved successfully at models/saved_models/mnist_ffnn.npz
2025-03-13 11:41:44,874 - Val Accuracy: 91.99%
2025-03-13 11:42:32,952 - Starting training...
2025-03-13 11:42:45,095 - Training completed. Configuration: {'learning_rate': 0.01, 'batch_size': 128, 'layer_sizes': [784, 32, 10], 'activations': ['relu', 'softmax'], 'loss': 'MSE', 'epochs': 20}
2025-03-13 11:42:45,098 - Training completed. Model saved successfully at models/saved_models/mnist_ffnn.npz
2025-03-13 11:42:45,156 - Val Accuracy: 35.04%
2025-03-13 11:43:15,218 - Starting training...
2025-03-13 11:43:42,728 - Training completed. Configuration: {'learning_rate': 0.01, 'batch_size': 16, 'layer_sizes': [784, 32, 10], 'activations': ['relu', 'softmax'], 'loss': 'MSE', 'epochs': 20}
2025-03-13 11:43:42,730 - Training completed. Model saved successfully at models/saved_models/mnist_ffnn.npz
2025-03-13 11:43:42,790 - Val Accuracy: 87.88%
2025-03-13 11:44:19,282 - Starting training...
2025-03-13 11:44:28,822 - Training completed. Configuration: {'learning_rate': 0.01, 'batch_size': 32, 'layer_sizes': [784, 8, 10], 'activations': ['relu', 'softmax'], 'loss': 'MSE', 'epochs': 20}
2025-03-13 11:44:28,823 - Training completed. Model saved successfully at models/saved_models/mnist_ffnn.npz
2025-03-13 11:44:28,878 - Val Accuracy: 70.16%
2025-03-13 11:44:54,205 - Starting training...
2025-03-13 11:45:24,479 - Training completed. Configuration: {'learning_rate': 0.01, 'batch_size': 32, 'layer_sizes': [784, 128, 10], 'activations': ['relu', 'softmax'], 'loss': 'MSE', 'epochs': 20}
2025-03-13 11:45:24,482 - Training completed. Model saved successfully at models/saved_models/mnist_ffnn.npz
2025-03-13 11:45:24,562 - Val Accuracy: 84.44%
2025-03-13 11:46:21,044 - Starting training...
2025-03-13 11:47:01,314 - Training completed. Configuration: {'learning_rate': 0.01, 'batch_size': 32, 'layer_sizes': [784, 32, 32, 10], 'activations': ['relu', 'relu', 'softmax'], 'loss': 'MSE', 'epochs': 20}
2025-03-13 11:47:01,317 - Training completed. Model saved successfully at models/saved_models/mnist_ffnn.npz
2025-03-13 11:47:01,388 - Val Accuracy: 80.20%
2025-03-13 11:59:41,874 - Starting training...
2025-03-13 12:00:00,936 - Training completed. Configuration: {'learning_rate': 0.01, 'batch_size': 32, 'layer_sizes': [784, 32, 10], 'activations': ['relu', 'softmax'], 'loss': 'MSE', 'epochs': 20, 'l1_lambda': 0, 'l2_lambda': 0.01}
2025-03-13 12:00:00,939 - Training completed. Model saved successfully at models/saved_models/mnist_ffnn.npz
2025-03-13 12:00:01,015 - Val Accuracy: 80.13%
2025-03-13 12:00:28,237 - Starting training...
2025-03-13 12:01:04,425 - Training completed. Configuration: {'learning_rate': 0.01, 'batch_size': 32, 'layer_sizes': [784, 32, 10], 'activations': ['relu', 'softmax'], 'loss': 'MSE', 'epochs': 20, 'l1_lambda': 0, 'l2_lambda': 0.1}
2025-03-13 12:01:04,429 - Training completed. Model saved successfully at models/saved_models/mnist_ffnn.npz
2025-03-13 12:01:04,532 - Val Accuracy: 80.13%
2025-03-13 12:02:08,564 - Starting training...
2025-03-13 12:02:47,629 - Training completed. Configuration: {'learning_rate': 0.01, 'batch_size': 32, 'layer_sizes': [784, 32, 10], 'activations': ['relu', 'softmax'], 'loss': 'MSE', 'epochs': 20, 'l1_lambda': 0, 'l2_lambda': 0.05}
2025-03-13 12:02:47,630 - Training completed. Model saved successfully at models/saved_models/mnist_ffnn.npz
2025-03-13 12:02:47,706 - Val Accuracy: 80.13%
2025-03-13 12:03:30,386 - Starting training...
2025-03-13 12:04:07,043 - Training completed. Configuration: {'learning_rate': 0.01, 'batch_size': 32, 'layer_sizes': [784, 32, 10], 'activations': ['relu', 'softmax'], 'loss': 'MSE', 'epochs': 20, 'l1_lambda': 0.1, 'l2_lambda': 0}
2025-03-13 12:04:07,046 - Training completed. Model saved successfully at models/saved_models/mnist_ffnn.npz
2025-03-13 12:04:07,126 - Val Accuracy: 80.13%
2025-03-13 12:04:58,142 - Starting training...
2025-03-13 12:05:40,270 - Training completed. Configuration: {'learning_rate': 0.01, 'batch_size': 32, 'layer_sizes': [784, 32, 10], 'activations': ['relu', 'softmax'], 'loss': 'MSE', 'epochs': 20, 'l1_lambda': 0.05, 'l2_lambda': 0}
2025-03-13 12:05:40,272 - Training completed. Model saved successfully at models/saved_models/mnist_ffnn.npz
2025-03-13 12:05:40,352 - Val Accuracy: 80.13%
2025-03-13 12:08:07,057 - Starting training...
2025-03-13 12:08:43,849 - Training completed. Configuration: {'learning_rate': 0.01, 'batch_size': 8, 'layer_sizes': [784, 32, 10], 'activations': ['relu', 'softmax'], 'loss': 'MSE', 'epochs': 20, 'l1_lambda': 0.0, 'l2_lambda': 0.0}
2025-03-13 12:08:43,851 - Training completed. Model saved successfully at models/saved_models/mnist_ffnn.npz
2025-03-13 12:08:43,909 - Val Accuracy: 91.99%
2025-03-13 12:28:47,625 - Starting training...
2025-03-13 12:30:36,260 - Starting training...
2025-03-13 12:32:34,788 - Starting training...
2025-03-13 12:33:14,968 - Training completed. Configuration: {'learning_rate': 0.01, 'batch_size': 8, 'layer_sizes': [784, 32, 10], 'activations': ['relu', 'softmax'], 'loss': 'MSE', 'epochs': 20, 'l1_lambda': 0.0, 'l2_lambda': 0.0}
2025-03-13 12:33:14,970 - Training completed. Model saved successfully at models/saved_models/svhn_ffnn.npz
2025-03-13 12:33:15,087 - Val Accuracy: 19.59%
2025-03-13 12:34:04,652 - Starting training...
2025-03-13 12:34:57,494 - Training completed. Configuration: {'learning_rate': 0.01, 'batch_size': 32, 'layer_sizes': [784, 32, 10], 'activations': ['relu', 'softmax'], 'loss': 'CrossEntropy', 'epochs': 20, 'l1_lambda': 0.0, 'l2_lambda': 0.0}
2025-03-13 12:34:57,495 - Training completed. Model saved successfully at models/saved_models/svhn_ffnn.npz
2025-03-13 12:34:57,605 - Val Accuracy: 19.59%
2025-03-13 12:36:08,289 - Starting training...
2025-03-13 12:36:35,092 - Training completed. Configuration: {'learning_rate': 0.01, 'batch_size': 32, 'layer_sizes': [784, 32, 10], 'activations': ['relu', 'softmax'], 'loss': 'CrossEntropy', 'epochs': 20, 'l1_lambda': 0.0, 'l2_lambda': 0.0}
2025-03-13 12:36:35,097 - Training completed. Model saved successfully at models/saved_models/svhn_ffnn.npz
2025-03-13 12:36:35,228 - Val Accuracy: 19.58%
2025-03-13 12:38:52,145 - Training completed. Configuration: {'learning_rate': 0.01, 'batch_size': 8, 'layer_sizes': [784, 32, 10], 'activations': ['relu', 'softmax'], 'loss': 'MSE', 'epochs': 20, 'l1_lambda': 0.0, 'l2_lambda': 0.0}
2025-03-13 12:38:52,147 - Training completed. Model saved successfully at models/saved_models/svhn_ffnn.npz
2025-03-13 12:38:52,325 - Val Accuracy: 19.58%
2025-03-13 12:40:33,800 - Training completed. Configuration: {'learning_rate': 0.01, 'batch_size': 8, 'layer_sizes': [784, 32, 10], 'activations': ['relu', 'softmax'], 'loss': 'MSE', 'epochs': 20, 'l1_lambda': 0.0, 'l2_lambda': 0.0}
2025-03-13 12:40:33,801 - Training completed. Model saved successfully at models/saved_models/svhn_ffnn.npz
2025-03-13 12:40:33,876 - Val Accuracy: 19.59%
2025-03-13 13:31:49,630 - Starting training...
2025-03-13 13:34:33,785 - Starting training...
2025-03-13 13:38:51,554 - Starting training...
2025-03-13 13:40:03,285 - Starting training...
2025-03-13 13:41:03,600 - Starting training...
2025-03-13 13:41:57,413 - Starting training...
2025-03-13 13:44:24,678 - Starting training...
2025-03-13 13:46:48,199 - Starting training...
2025-03-13 13:47:09,159 - Training completed. Configuration: {'learning_rate': 0.001, 'batch_size': 32, 'layer_sizes': [21, 16, 1], 'activations': ['relu', 'linear'], 'loss': 'MSE', 'epochs': 1000, 'l1_lambda': 0, 'l2_lambda': 0}
2025-03-13 13:47:09,161 - Training completed. Model saved successfully at models/saved_models/life_expectancy_ffnn.npz
2025-03-13 14:01:14,078 - Starting training...
2025-03-13 14:02:15,182 - Starting training...
2025-03-13 14:02:27,844 - Training completed. Configuration: {'learning_rate': 0.001, 'batch_size': 32, 'layer_sizes': [21, 16, 1], 'activations': ['relu', 'linear'], 'loss': 'MSE', 'epochs': 1000, 'l1_lambda': 0.0, 'l2_lambda': 0.0}
2025-03-13 14:02:27,847 - Training completed. Model saved successfully at models/saved_models/life_expectancy_ffnn.npz
2025-03-13 14:02:27,868 - Test MSE: 0.2626
2025-03-13 16:45:37,683 - Starting training...
2025-03-13 16:45:53,206 - Training completed. Configuration: {'learning_rate': 0.01, 'batch_size': 32, 'layer_sizes': [784, 32, 10], 'activations': ['relu', 'linear'], 'loss': 'MSE', 'epochs': 20, 'l1_lambda': 0.0, 'l2_lambda': 0.0}
2025-03-13 16:45:53,209 - Training completed. Model saved successfully at models/saved_models/mnist_ffnn.npz
2025-03-13 16:46:30,374 - Starting training...
2025-03-13 16:46:43,603 - Training completed. Configuration: {'learning_rate': 0.01, 'batch_size': 32, 'layer_sizes': [784, 32, 10], 'activations': ['relu', 'linear'], 'loss': 'MSE', 'epochs': 20, 'l1_lambda': 0.0, 'l2_lambda': 0.0}
2025-03-13 16:46:43,605 - Training completed. Model saved successfully at models/saved_models/mnist_ffnn.npz
2025-03-13 16:46:43,705 - Val Accuracy: 44.35%
2025-03-13 16:50:48,236 - Starting training...
2025-03-13 16:50:59,713 - Training completed. Configuration: {'learning_rate': 0.001, 'batch_size': 32, 'layer_sizes': [21, 16, 1], 'activations': ['relu', 'linear'], 'loss': 'MSE', 'epochs': 1000, 'l1_lambda': 0.0, 'l2_lambda': 0.0}
2025-03-13 16:50:59,714 - Training completed. Model saved successfully at models/saved_models/life_expectancy_ffnn.npz
2025-03-13 16:50:59,736 - Test MSE: 0.2626
2025-03-13 16:54:13,158 - Starting training...
2025-03-13 16:54:32,868 - Training completed. Configuration: {'learning_rate': 0.001, 'batch_size': 32, 'layer_sizes': [21, 16, 1], 'activations': ['relu', 'linear'], 'loss': 'MSE', 'epochs': 1000, 'l1_lambda': 0.0, 'l2_lambda': 0.0}
2025-03-13 16:54:32,870 - Training completed. Model saved successfully at models/saved_models/life_expectancy_ffnn.npz
2025-03-13 16:54:32,882 - Test MSE: 0.2626
2025-03-13 16:54:52,357 - Starting training...
2025-03-13 16:55:31,574 - Training completed. Configuration: {'learning_rate': 0.001, 'batch_size': 32, 'layer_sizes': [21, 16, 1], 'activations': ['relu', 'linear'], 'loss': 'MSE', 'epochs': 1000, 'l1_lambda': 0.0, 'l2_lambda': 0.0}
2025-03-13 16:55:31,577 - Training completed. Model saved successfully at models/saved_models/life_expectancy_ffnn.npz
2025-03-13 16:55:31,582 - Test MSE: 0.2626
2025-03-13 16:56:01,431 - Starting training...
2025-03-13 16:56:15,844 - Training completed. Configuration: {'learning_rate': 0.01, 'batch_size': 32, 'layer_sizes': [784, 32, 10], 'activations': ['relu', 'linear'], 'loss': 'MSE', 'epochs': 20, 'l1_lambda': 0.0, 'l2_lambda': 0.0}
2025-03-13 16:56:15,846 - Training completed. Model saved successfully at models/saved_models/mnist_ffnn.npz
2025-03-13 16:56:15,907 - Val Accuracy: 44.35%
2025-03-13 16:57:12,300 - Starting training...
2025-03-13 16:57:48,101 - Training completed. Configuration: {'learning_rate': 0.01, 'batch_size': 32, 'layer_sizes': [784, 32, 10], 'activations': ['relu', 'softmax'], 'loss': 'MSE', 'epochs': 20, 'l1_lambda': 0.0, 'l2_lambda': 0.0}
2025-03-13 16:57:48,105 - Training completed. Model saved successfully at models/saved_models/svhn_ffnn.npz
2025-03-13 16:57:48,202 - Val Accuracy: 19.53%
2025-03-13 16:58:13,460 - Starting training...
2025-03-13 16:58:28,232 - Training completed. Configuration: {'learning_rate': 0.001, 'batch_size': 32, 'layer_sizes': [21, 16, 1], 'activations': ['relu', 'linear'], 'loss': 'MSE', 'epochs': 1000, 'l1_lambda': 0.0, 'l2_lambda': 0.0}
2025-03-13 16:58:28,233 - Training completed. Model saved successfully at models/saved_models/life_expectancy_ffnn.npz
2025-03-13 16:58:28,236 - Test MSE: 0.2626
2025-03-13 17:00:35,720 - Starting training...
2025-03-13 17:00:43,519 - Training completed. Configuration: {'learning_rate': 0.001, 'batch_size': 32, 'layer_sizes': [21, 16, 1], 'activations': ['relu', 'linear'], 'loss': 'MSE', 'epochs': 1000, 'l1_lambda': 0.0, 'l2_lambda': 0.0}
2025-03-13 17:00:43,521 - Training completed. Model saved successfully at models/saved_models/life_expectancy_ffnn.npz
2025-03-13 17:00:43,527 - Test MSE: 0.2626
2025-03-13 17:01:25,071 - Starting training...
2025-03-13 17:01:41,166 - Training completed. Configuration: {'learning_rate': 0.001, 'batch_size': 32, 'layer_sizes': [21, 16, 1], 'activations': ['relu', 'linear'], 'loss': 'MSE', 'epochs': 1000, 'l1_lambda': 0.0, 'l2_lambda': 0.0}
2025-03-13 17:01:41,168 - Training completed. Model saved successfully at models/saved_models/life_expectancy_ffnn.npz
2025-03-13 17:01:41,175 - Test MSE: 0.2626
2025-03-13 17:06:14,565 - Starting training...
2025-03-13 17:06:24,544 - Training completed. Configuration: {'learning_rate': 0.001, 'batch_size': 32, 'layer_sizes': [21, 16, 1], 'activations': ['relu', 'linear'], 'loss': 'MSE', 'epochs': 1000, 'l1_lambda': 0.0, 'l2_lambda': 0.0}
2025-03-13 17:06:24,546 - Training completed. Model saved successfully at models/saved_models/life_expectancy_ffnn.npz
2025-03-13 17:06:24,569 - Test MSE: nan
2025-03-13 17:07:13,450 - Starting training...
2025-03-13 17:07:23,894 - Training completed. Configuration: {'learning_rate': 0.001, 'batch_size': 32, 'layer_sizes': [21, 16, 1], 'activations': ['relu', 'linear'], 'loss': 'MSE', 'epochs': 1000, 'l1_lambda': 0.0, 'l2_lambda': 0.0}
2025-03-13 17:07:23,895 - Training completed. Model saved successfully at models/saved_models/life_expectancy_ffnn.npz
2025-03-13 17:07:23,899 - Test MSE: nan
2025-03-13 17:07:50,896 - Starting training...
2025-03-13 17:07:59,237 - Training completed. Configuration: {'learning_rate': 0.001, 'batch_size': 32, 'layer_sizes': [21, 16, 1], 'activations': ['relu', 'linear'], 'loss': 'MSE', 'epochs': 1000, 'l1_lambda': 0.0, 'l2_lambda': 0.0}
2025-03-13 17:07:59,238 - Training completed. Model saved successfully at models/saved_models/life_expectancy_ffnn.npz
2025-03-13 17:07:59,244 - Test MSE: nan
2025-03-13 17:08:19,837 - Starting training...
2025-03-13 17:08:38,861 - Training completed. Configuration: {'learning_rate': 0.001, 'batch_size': 32, 'layer_sizes': [21, 16, 1], 'activations': ['relu', 'linear'], 'loss': 'MSE', 'epochs': 1000, 'l1_lambda': 0.0, 'l2_lambda': 0.0}
2025-03-13 17:08:38,863 - Training completed. Model saved successfully at models/saved_models/life_expectancy_ffnn.npz
2025-03-13 17:08:38,867 - Test MSE: 0.2626
2025-03-13 17:10:47,023 - Starting training...
2025-03-13 17:10:54,630 - Training completed. Configuration: {'learning_rate': 0.001, 'batch_size': 32, 'layer_sizes': [21, 16, 1], 'activations': ['relu', 'relu'], 'loss': 'MSE', 'epochs': 1000, 'l1_lambda': 0.0, 'l2_lambda': 0.0}
2025-03-13 17:10:54,631 - Training completed. Model saved successfully at models/saved_models/life_expectancy_ffnn.npz
2025-03-13 17:10:54,651 - Test MSE: 1.0000
2025-03-13 17:11:02,669 - Starting training...
2025-03-13 17:11:18,377 - Training completed. Configuration: {'learning_rate': 0.001, 'batch_size': 32, 'layer_sizes': [21, 16, 1], 'activations': ['relu', 'linear'], 'loss': 'MSE', 'epochs': 1000, 'l1_lambda': 0.0, 'l2_lambda': 0.0}
2025-03-13 17:11:18,378 - Training completed. Model saved successfully at models/saved_models/life_expectancy_ffnn.npz
2025-03-13 17:11:18,382 - Test MSE: 0.2626
2025-03-13 17:14:23,334 - Starting training...
2025-03-13 17:14:31,313 - Training completed. Configuration: {'learning_rate': 0.001, 'batch_size': 32, 'layer_sizes': [21, 16, 1], 'activations': ['relu', 'linear'], 'loss': 'MSE', 'epochs': 1000, 'l1_lambda': 0.0, 'l2_lambda': 0.0}
2025-03-13 17:14:31,315 - Training completed. Model saved successfully at models/saved_models/life_expectancy_ffnn.npz
2025-03-13 17:14:31,321 - Test MSE: 0.2626
2025-03-13 17:15:28,243 - Starting training...
2025-03-13 17:15:41,035 - Training completed. Configuration: {'learning_rate': 0.001, 'batch_size': 32, 'layer_sizes': [21, 16, 1], 'activations': ['relu', 'linear'], 'loss': 'MSE', 'epochs': 1000, 'l1_lambda': 0.0, 'l2_lambda': 0.0}
2025-03-13 17:15:41,037 - Training completed. Model saved successfully at models/saved_models/life_expectancy_ffnn.npz
2025-03-13 17:15:41,040 - Test MSE: 0.2626
2025-03-13 17:18:39,217 - Starting training...
2025-03-13 17:18:46,604 - Training completed. Configuration: {'learning_rate': 0.001, 'batch_size': 32, 'layer_sizes': [21, 16, 1], 'activations': ['relu', 'linear'], 'loss': 'MSE', 'epochs': 1000, 'l1_lambda': 0.0, 'l2_lambda': 0.0}
2025-03-13 17:18:46,606 - Training completed. Model saved successfully at models/saved_models/life_expectancy_ffnn.npz
2025-03-13 17:18:46,611 - Test MSE: 0.2626
2025-03-13 17:19:26,498 - Starting training...
2025-03-13 17:19:35,318 - Training completed. Configuration: {'learning_rate': 0.001, 'batch_size': 32, 'layer_sizes': [21, 16, 1], 'activations': ['relu', 'linear'], 'loss': 'MSE', 'epochs': 1000, 'l1_lambda': 0.0, 'l2_lambda': 0.0}
2025-03-13 17:19:35,319 - Training completed. Model saved successfully at models/saved_models/life_expectancy_ffnn.npz
2025-03-13 17:19:35,324 - Test MSE: 0.2626
2025-03-13 17:21:38,185 - Starting training...
2025-03-13 17:22:06,236 - Training completed. Configuration: {'learning_rate': 0.01, 'batch_size': 8, 'layer_sizes': [784, 32, 10], 'activations': ['relu', 'softmax'], 'loss': 'MSE', 'epochs': 20, 'l1_lambda': 0.0, 'l2_lambda': 0.0}
2025-03-13 17:22:06,239 - Training completed. Model saved successfully at models/saved_models/mnist_ffnn.npz
2025-03-13 17:22:06,319 - Val Accuracy: 91.99%
2025-03-13 17:22:27,424 - Starting training...
2025-03-13 17:23:16,177 - Training completed. Configuration: {'learning_rate': 0.01, 'batch_size': 8, 'layer_sizes': [784, 32, 10], 'activations': ['relu', 'softmax'], 'loss': 'MSE', 'epochs': 20, 'l1_lambda': 0.0, 'l2_lambda': 0.0}
2025-03-13 17:23:16,180 - Training completed. Model saved successfully at models/saved_models/svhn_ffnn.npz
2025-03-13 17:23:16,296 - Val Accuracy: 19.58%
2025-03-13 17:23:28,905 - Starting training...
2025-03-13 17:23:39,366 - Training completed. Configuration: {'learning_rate': 0.001, 'batch_size': 32, 'layer_sizes': [21, 16, 1], 'activations': ['relu', 'linear'], 'loss': 'MSE', 'epochs': 1000, 'l1_lambda': 0.0, 'l2_lambda': 0.0}
2025-03-13 17:23:39,367 - Training completed. Model saved successfully at models/saved_models/life_expectancy_ffnn.npz
2025-03-13 17:23:39,376 - Test MSE: 0.2626
2025-03-13 17:24:29,019 - Starting training...
2025-03-13 17:24:40,386 - Training completed. Configuration: {'learning_rate': 0.001, 'batch_size': 32, 'layer_sizes': [21, 16, 1], 'activations': ['relu', 'linear'], 'loss': 'MSE', 'epochs': 1000, 'l1_lambda': 0.0, 'l2_lambda': 0.0}
2025-03-13 17:24:40,387 - Training completed. Model saved successfully at models/saved_models/life_expectancy_ffnn.npz
2025-03-13 17:24:40,400 - Test MSE: 0.2626
2025-03-14 23:03:24,705 - Starting training...
2025-03-14 23:04:11,993 - Training completed. Configuration: {'learning_rate': 0.01, 'batch_size': 8, 'layer_sizes': [784, 32, 10], 'activations': ['relu', 'softmax'], 'loss': 'CrossEntropy', 'epochs': 20, 'l1_lambda': 0.0, 'l2_lambda': 0.0}
2025-03-14 23:04:11,996 - Training completed. Model saved successfully at models/saved_models/mnist_ffnn.npz
2025-03-14 23:04:12,063 - Val Accuracy: 94.63%
2025-03-14 23:06:12,826 - Starting training...
2025-03-14 23:06:42,835 - Training completed. Configuration: {'learning_rate': 0.01, 'batch_size': 8, 'layer_sizes': [784, 32, 10], 'activations': ['relu', 'softmax'], 'loss': 'CrossEntropy', 'epochs': 20, 'l1_lambda': 0.0, 'l2_lambda': 0.0}
2025-03-14 23:06:42,837 - Training completed. Model saved successfully at models/saved_models/svhn_ffnn.npz
2025-03-14 23:06:42,933 - Val Accuracy: 19.59%
2025-03-14 23:08:08,139 - Starting training...
2025-03-14 23:08:23,228 - Training completed. Configuration: {'learning_rate': 0.01, 'batch_size': 32, 'layer_sizes': [784, 32, 10], 'activations': ['relu', 'softmax'], 'loss': 'CrossEntropy', 'epochs': 20, 'l1_lambda': 0.0, 'l2_lambda': 0.0}
2025-03-14 23:08:23,230 - Training completed. Model saved successfully at models/saved_models/mnist_ffnn.npz
2025-03-14 23:08:23,288 - Val Accuracy: 92.01%
2025-03-14 23:08:47,582 - Starting training...
2025-03-14 23:09:03,304 - Training completed. Configuration: {'learning_rate': 0.01, 'batch_size': 32, 'layer_sizes': [784, 32, 10], 'activations': ['relu', 'softmax'], 'loss': 'CrossEntropy', 'epochs': 20, 'l1_lambda': 0.0, 'l2_lambda': 0.0}
2025-03-14 23:09:03,307 - Training completed. Model saved successfully at models/saved_models/svhn_ffnn.npz
2025-03-14 23:09:03,390 - Val Accuracy: 19.58%
2025-03-14 23:11:33,467 - Starting training...
2025-03-14 23:11:51,146 - Training completed. Configuration: {'learning_rate': 0.001, 'batch_size': 32, 'layer_sizes': [21, 16, 1], 'activations': ['relu', 'linear'], 'loss': 'MSE', 'epochs': 1000, 'l1_lambda': 0.0, 'l2_lambda': 0.0}
2025-03-14 23:11:51,148 - Training completed. Model saved successfully at models/saved_models/life_expectancy_ffnn.npz
2025-03-14 23:11:51,170 - Test MSE: 0.2626
2025-03-14 23:12:49,691 - Starting training...
2025-03-14 23:13:24,718 - Training completed. Configuration: {'learning_rate': 0.1, 'batch_size': 32, 'layer_sizes': [784, 32, 10], 'activations': ['relu', 'softmax'], 'loss': 'CrossEntropy', 'epochs': 20, 'l1_lambda': 0.0, 'l2_lambda': 0.0}
2025-03-14 23:13:24,721 - Training completed. Model saved successfully at models/saved_models/mnist_ffnn.npz
2025-03-14 23:13:24,805 - Val Accuracy: 94.97%
2025-03-14 23:14:02,187 - Starting training...
2025-03-14 23:14:23,687 - Training completed. Configuration: {'learning_rate': 0.1, 'batch_size': 32, 'layer_sizes': [784, 32, 10], 'activations': ['relu', 'softmax'], 'loss': 'CrossEntropy', 'epochs': 20, 'l1_lambda': 0.0, 'l2_lambda': 0.0}
2025-03-14 23:14:23,689 - Training completed. Model saved successfully at models/saved_models/svhn_ffnn.npz
2025-03-14 23:14:23,825 - Val Accuracy: 19.59%
2025-03-14 23:16:09,972 - Starting training...
2025-03-14 23:16:27,036 - Training completed. Configuration: {'learning_rate': 0.01, 'batch_size': 32, 'layer_sizes': [784, 32, 10], 'activations': ['relu', 'softmax'], 'loss': 'CrossEntropy', 'epochs': 20, 'l1_lambda': 0.0, 'l2_lambda': 0.0}
2025-03-14 23:16:27,039 - Training completed. Model saved successfully at models/saved_models/mnist_ffnn.npz
2025-03-14 23:16:27,111 - Val Accuracy: 92.01%
2025-03-14 23:16:46,726 - Starting training...
2025-03-14 23:17:09,302 - Training completed. Configuration: {'learning_rate': 0.01, 'batch_size': 32, 'layer_sizes': [784, 32, 10], 'activations': ['relu', 'softmax'], 'loss': 'CrossEntropy', 'epochs': 20, 'l1_lambda': 0.0, 'l2_lambda': 0.0}
2025-03-14 23:17:09,304 - Training completed. Model saved successfully at models/saved_models/svhn_ffnn.npz
2025-03-14 23:17:09,419 - Val Accuracy: 19.58%
2025-03-14 23:33:56,759 - Starting training...
2025-03-14 23:34:13,965 - Training completed. Configuration: {'learning_rate': 0.1, 'batch_size': 32, 'layer_sizes': [784, 32, 10], 'activations': ['relu', 'softmax'], 'loss': 'CrossEntropy', 'epochs': 20, 'l1_lambda': 0.0, 'l2_lambda': 0.0}
2025-03-14 23:34:13,969 - Training completed. Model saved successfully at models/saved_models/mnist_ffnn.npz
2025-03-14 23:34:14,050 - Val Accuracy: 94.97%
2025-03-14 23:34:32,936 - Starting training...
2025-03-14 23:34:57,817 - Training completed. Configuration: {'learning_rate': 0.1, 'batch_size': 32, 'layer_sizes': [784, 32, 10], 'activations': ['relu', 'softmax'], 'loss': 'CrossEntropy', 'epochs': 20, 'l1_lambda': 0.0, 'l2_lambda': 0.0}
2025-03-14 23:34:57,819 - Training completed. Model saved successfully at models/saved_models/svhn_ffnn.npz
2025-03-14 23:34:57,977 - Val Accuracy: 19.59%
2025-03-14 23:35:18,293 - Starting training...
2025-03-14 23:35:42,585 - Training completed. Configuration: {'learning_rate': 0.1, 'batch_size': 32, 'layer_sizes': [784, 32, 10], 'activations': ['relu', 'softmax'], 'loss': 'CrossEntropy', 'epochs': 20, 'l1_lambda': 0.0, 'l2_lambda': 0.0}
2025-03-14 23:35:42,588 - Training completed. Model saved successfully at models/saved_models/svhn_ffnn.npz
2025-03-14 23:35:42,697 - Val Accuracy: 19.59%
2025-03-15 09:07:21,410 - Starting training...
2025-03-15 09:07:37,455 - Training completed. Configuration: {'learning_rate': 0.1, 'batch_size': 32, 'layer_sizes': [784, 32, 10], 'activations': ['relu', 'softmax'], 'loss': 'CrossEntropy', 'epochs': 20, 'l1_lambda': 0.0, 'l2_lambda': 0.0}
2025-03-15 09:07:37,457 - Training completed. Model saved successfully at models/saved_models/mnist_ffnn.npz
2025-03-15 09:07:37,530 - Val Accuracy: 94.97%
2025-03-15 10:10:16,706 - Starting training...
2025-03-15 10:10:26,004 - Training completed. Configuration: {'learning_rate': 0.1, 'batch_size': 32, 'layer_sizes': [784, 32, 10], 'activations': ['relu', 'softmax'], 'loss': 'CrossEntropy', 'epochs': 20, 'l1_lambda': 0.0, 'l2_lambda': 0.0}
2025-03-15 10:10:26,006 - Training completed. Model saved successfully at models/saved_models/mnist_ffnn.npz
2025-03-15 10:10:26,057 - Val Accuracy: 94.13%
2025-03-15 10:10:57,823 - Starting training...
2025-03-15 10:11:06,410 - Training completed. Configuration: {'learning_rate': 0.1, 'batch_size': 32, 'layer_sizes': [784, 32, 10], 'activations': ['relu', 'softmax'], 'loss': 'CrossEntropy', 'epochs': 20, 'l1_lambda': 0.0, 'l2_lambda': 0.0}
2025-03-15 10:11:06,413 - Training completed. Model saved successfully at models/saved_models/mnist_ffnn.npz
2025-03-15 10:11:06,447 - Val Accuracy: 94.13%
2025-03-15 10:11:21,183 - Starting training...
2025-03-15 10:11:39,634 - Training completed. Configuration: {'learning_rate': 0.1, 'batch_size': 32, 'layer_sizes': [784, 32, 10], 'activations': ['relu', 'softmax'], 'loss': 'CrossEntropy', 'epochs': 20, 'l1_lambda': 0.0, 'l2_lambda': 0.0}
2025-03-15 10:11:39,636 - Training completed. Model saved successfully at models/saved_models/svhn_ffnn.npz
2025-03-15 10:11:39,724 - Val Accuracy: 19.59%
2025-03-15 15:40:28,176 - Starting training...
2025-03-15 15:40:48,210 - Training completed. Configuration: {'learning_rate': 0.01, 'batch_size': 32, 'layer_sizes': [784, 32, 10], 'activations': ['relu', 'softmax'], 'loss': 'MSE', 'epochs': 20, 'l1_lambda': 0.01, 'l2_lambda': 0.0}
2025-03-15 15:40:48,215 - Training completed. Model saved successfully at models/saved_models/mnist_ffnn.npz
2025-03-15 15:40:48,284 - Val Accuracy: 80.13%
2025-03-15 15:49:24,298 - Starting training...
2025-03-15 15:49:38,085 - Training completed. Configuration: {'learning_rate': 0.01, 'batch_size': 32, 'layer_sizes': [784, 32, 10], 'activations': ['relu', 'softmax'], 'loss': 'MSE', 'epochs': 20, 'l1_lambda': 0, 'l2_lambda': 0.1}
2025-03-15 15:49:38,089 - Training completed. Model saved successfully at models/saved_models/mnist_ffnn.npz
2025-03-15 15:49:38,179 - Val Accuracy: 80.13%
2025-03-15 16:01:52,001 - Starting training...
2025-03-15 16:02:20,053 - Training completed. Configuration: {'learning_rate': 0.1, 'batch_size': 32, 'layer_sizes': [784, 32, 10], 'activations': ['relu', 'softmax'], 'loss': 'CrossEntropy', 'epochs': 20, 'l1_lambda': 0, 'l2_lambda': 0.1}
2025-03-15 16:02:20,056 - Training completed. Model saved successfully at models/saved_models/mnist_ffnn.npz
2025-03-15 16:02:20,126 - Val Accuracy: 94.97%
2025-03-15 16:02:58,204 - Starting training...
2025-03-15 16:03:57,280 - Training completed. Configuration: {'learning_rate': 0.1, 'batch_size': 8, 'layer_sizes': [784, 32, 10], 'activations': ['relu', 'softmax'], 'loss': 'CrossEntropy', 'epochs': 20, 'l1_lambda': 0, 'l2_lambda': 0.1}
2025-03-15 16:03:57,282 - Training completed. Model saved successfully at models/saved_models/mnist_ffnn.npz
2025-03-15 16:03:57,349 - Val Accuracy: 95.22%
2025-03-15 16:04:52,440 - Starting training...
2025-03-15 16:05:21,908 - Training completed. Configuration: {'learning_rate': 0.01, 'batch_size': 8, 'layer_sizes': [784, 32, 10], 'activations': ['relu', 'softmax'], 'loss': 'CrossEntropy', 'epochs': 20, 'l1_lambda': 0, 'l2_lambda': 0.1}
2025-03-15 16:05:21,910 - Training completed. Model saved successfully at models/saved_models/mnist_ffnn.npz
2025-03-15 16:05:21,976 - Val Accuracy: 94.63%
2025-03-15 16:06:05,084 - Starting training...
2025-03-15 16:06:30,553 - Training completed. Configuration: {'learning_rate': 0.01, 'batch_size': 8, 'layer_sizes': [784, 32, 10], 'activations': ['relu', 'softmax'], 'loss': 'CrossEntropy', 'epochs': 20, 'l1_lambda': 0, 'l2_lambda': 0}
2025-03-15 16:06:30,555 - Training completed. Model saved successfully at models/saved_models/mnist_ffnn.npz
2025-03-15 16:06:30,621 - Val Accuracy: 94.63%
2025-03-15 16:07:30,833 - Starting training...
2025-03-15 16:08:33,469 - Training completed. Configuration: {'learning_rate': 0.1, 'batch_size': 8, 'layer_sizes': [784, 32, 10], 'activations': ['relu', 'softmax'], 'loss': 'CrossEntropy', 'epochs': 20, 'l1_lambda': 0, 'l2_lambda': 0.1}
2025-03-15 16:08:33,472 - Training completed. Model saved successfully at models/saved_models/mnist_ffnn.npz
2025-03-15 16:08:33,539 - Val Accuracy: 95.22%
2025-03-15 16:57:56,854 - Starting training...
2025-03-15 16:58:17,622 - Training completed. Configuration: {'learning_rate': 0.1, 'batch_size': 8, 'layer_sizes': [784, 32, 10], 'activations': ['relu', 'softmax'], 'loss': 'CrossEntropy', 'epochs': 20, 'l1_lambda': 0, 'l2_lambda': 0.1}
2025-03-15 16:58:17,624 - Training completed. Model saved successfully at models/saved_models/mnist_ffnn.npz
2025-03-15 16:58:17,691 - Val Accuracy: 95.22%
2025-03-15 16:59:10,431 - Starting training...
2025-03-15 17:00:12,863 - Training completed. Configuration: {'learning_rate': 0.1, 'batch_size': 8, 'layer_sizes': [784, 32, 10], 'activations': ['relu', 'softmax'], 'loss': 'CrossEntropy', 'epochs': 20, 'l1_lambda': 0, 'l2_lambda': 0.1}
2025-03-15 17:00:12,866 - Training completed. Model saved successfully at models/saved_models/svhn_ffnn.npz
2025-03-15 17:00:13,070 - Val Accuracy: 19.59%
2025-03-15 17:00:44,323 - Starting training...
2025-03-15 17:01:15,267 - Training completed. Configuration: {'learning_rate': 0.1, 'batch_size': 8, 'layer_sizes': [784, 32, 10], 'activations': ['relu', 'softmax'], 'loss': 'CrossEntropy', 'epochs': 20, 'l1_lambda': 0, 'l2_lambda': 0.1}
2025-03-15 17:01:15,269 - Training completed. Model saved successfully at models/saved_models/svhn_ffnn.npz
2025-03-15 17:01:15,378 - Val Accuracy: 19.60%
2025-03-15 17:02:15,089 - Starting training...
2025-03-15 17:03:02,811 - Training completed. Configuration: {'learning_rate': 0.1, 'batch_size': 8, 'layer_sizes': [784, 32, 10], 'activations': ['relu', 'softmax'], 'loss': 'CrossEntropy', 'epochs': 20, 'l1_lambda': 0, 'l2_lambda': 0.1}
2025-03-15 17:03:02,814 - Training completed. Model saved successfully at models/saved_models/svhn_ffnn.npz
2025-03-15 17:03:02,912 - Val Accuracy: 19.60%
2025-03-15 17:17:47,631 - Starting training...
2025-03-15 17:19:04,686 - Training completed. Configuration: {'learning_rate': 0.1, 'batch_size': 8, 'layer_sizes': [784, 32, 10], 'activations': ['relu', 'softmax'], 'loss': 'CrossEntropy', 'epochs': 20, 'l1_lambda': 0, 'l2_lambda': 0.1}
2025-03-15 17:19:04,689 - Training completed. Model saved successfully at models/saved_models/svhn_ffnn.npz
2025-03-15 17:19:04,793 - Val Accuracy: 19.59%
2025-03-15 18:09:24,683 - Starting training...
2025-03-15 18:09:57,562 - Training completed. Configuration: {'learning_rate': 0.1, 'batch_size': 8, 'layer_sizes': [784, 32, 10], 'activations': ['relu', 'softmax'], 'loss': 'CrossEntropy', 'epochs': 20, 'l1_lambda': 0, 'l2_lambda': 0.1}
2025-03-15 18:09:57,566 - Training completed. Model saved successfully at models/saved_models/mnist_ffnn.npz
2025-03-15 18:09:57,649 - Val Accuracy: 95.22%
2025-03-15 18:10:20,128 - Starting training...
2025-03-15 18:11:38,166 - Training completed. Configuration: {'learning_rate': 0.1, 'batch_size': 8, 'layer_sizes': [784, 32, 10], 'activations': ['relu', 'softmax'], 'loss': 'CrossEntropy', 'epochs': 20, 'l1_lambda': 0, 'l2_lambda': 0.1}
2025-03-15 18:11:38,169 - Training completed. Model saved successfully at models/saved_models/svhn_ffnn.npz
2025-03-15 18:11:38,297 - Val Accuracy: 19.59%
2025-03-15 18:11:59,637 - Starting training...
2025-03-15 18:13:29,012 - Training completed. Configuration: {'learning_rate': 0.1, 'batch_size': 8, 'layer_sizes': [784, 32, 10], 'activations': ['relu', 'softmax'], 'loss': 'CrossEntropy', 'epochs': 20, 'l1_lambda': 0, 'l2_lambda': 0.1}
2025-03-15 18:13:29,017 - Training completed. Model saved successfully at models/saved_models/svhn_ffnn.npz
2025-03-15 18:13:29,226 - Val Accuracy: 19.60%
2025-03-15 18:13:35,598 - Starting training...
2025-03-15 18:14:15,682 - Training completed. Configuration: {'learning_rate': 0.001, 'batch_size': 32, 'layer_sizes': [21, 16, 1], 'activations': ['relu', 'linear'], 'loss': 'MSE', 'epochs': 1000, 'l1_lambda': 0.0, 'l2_lambda': 0.0}
2025-03-15 18:14:15,683 - Training completed. Model saved successfully at models/saved_models/life_expectancy_ffnn.npz
2025-03-15 18:14:15,706 - Test MSE: 0.2626
2025-04-30 13:16:51,957 - Starting training...
2025-04-30 13:17:09,853 - Training completed. Configuration: {'learning_rate': 0.1, 'batch_size': 8, 'layer_sizes': [784, 32, 10], 'activations': ['relu', 'softmax'], 'loss': 'CrossEntropy', 'epochs': 20, 'l1_lambda': 0, 'l2_lambda': 0.1}
2025-04-30 13:17:09,944 - Training completed. Model saved successfully at models/saved_models/mnist_ffnn.npz
2025-04-30 13:17:09,998 - Val Accuracy: 95.22%
2025-04-30 13:21:00,920 - Starting training...
2025-04-30 13:21:30,971 - Training completed. Configuration: {'learning_rate': 0.1, 'batch_size': 8, 'layer_sizes': [784, 32, 10], 'activations': ['relu', 'softmax'], 'loss': 'CrossEntropy', 'epochs': 20, 'l1_lambda': 0, 'l2_lambda': 0.1}
2025-04-30 13:21:30,973 - Training completed. Model saved successfully at models/saved_models/svhn_ffnn.npz
2025-04-30 13:21:31,065 - Val Accuracy: 19.59%
2025-04-30 13:21:46,000 - Starting training...
2025-04-30 13:22:34,659 - Training completed. Configuration: {'learning_rate': 0.1, 'batch_size': 8, 'layer_sizes': [784, 32, 10], 'activations': ['relu', 'softmax'], 'loss': 'CrossEntropy', 'epochs': 20, 'l1_lambda': 0, 'l2_lambda': 0.1}
2025-04-30 13:22:34,661 - Training completed. Model saved successfully at models/saved_models/svhn_ffnn.npz
2025-04-30 13:22:34,764 - Val Accuracy: 19.60%
2025-04-30 13:22:39,674 - Starting training...
2025-04-30 13:22:47,049 - Training completed. Configuration: {'learning_rate': 0.001, 'batch_size': 32, 'layer_sizes': [21, 16, 1], 'activations': ['relu', 'linear'], 'loss': 'MSE', 'epochs': 1000, 'l1_lambda': 0.0, 'l2_lambda': 0.0}
2025-04-30 13:22:47,062 - Training completed. Model saved successfully at models/saved_models/life_expectancy_ffnn.npz
2025-04-30 13:22:47,075 - Test MSE: 0.2626
2025-04-30 13:33:29,268 - Starting training...
2025-04-30 13:33:36,178 - Training completed. Configuration: {'learning_rate': 0.001, 'batch_size': 32, 'layer_sizes': [21, 16, 1], 'activations': ['relu', 'linear'], 'loss': 'MSE', 'epochs': 1000, 'l1_lambda': 0.0, 'l2_lambda': 0.0}
2025-04-30 13:33:36,180 - Training completed. Model saved successfully at models/saved_models/life_expectancy_ffnn.npz
2025-04-30 13:33:36,197 - Test MSE: 0.2626
2025-04-30 16:14:31,197 - Starting training...
2025-04-30 16:16:08,777 - Training completed. Configuration: {'learning_rate': 0.001, 'batch_size': 32, 'layer_sizes': [21, 16, 1], 'activations': ['relu', 'linear'], 'loss': 'MSE', 'epochs': 1000, 'l1_lambda': 0.0, 'l2_lambda': 0.0}
2025-04-30 16:16:08,778 - Training completed. Model saved successfully at models/saved_models/life_expectancy_ffnn.npz
2025-04-30 16:16:08,802 - Test MSE: 0.2626
2025-04-30 16:29:15,511 - Starting training...
2025-04-30 16:29:47,934 - Training completed. Configuration: {'learning_rate': 0.1, 'batch_size': 8, 'layer_sizes': [784, 32, 10], 'activations': ['relu', 'softmax'], 'loss': 'CrossEntropy', 'epochs': 20, 'l1_lambda': 0, 'l2_lambda': 0.1}
2025-04-30 16:29:48,297 - Training completed. Model saved successfully at models/saved_models/mnist_ffnn.npz
2025-04-30 16:29:48,378 - Val Accuracy: 95.22%
